<?xml version="1.0" encoding="UTF-8"?>
<robot generator="Robot 3.2.2 (Python 3.8.5 on win32)" generated="20200923 19:36:42.477" rpa="false">
<suite id="s1" name="Checkbox" source="C:\Users\Usuario\Desktop\dandy\papito\Teste-Qa\web\tests\checkbox.robot">
<test id="s1-t1" name="Marcando opção com Id">
<kw name="Nova Seção" library="base" type="setup">
<kw name="Open Browser">
<arguments>
<arg>${url}</arg>
<arg>chrome</arg>
</arguments>
<msg timestamp="20200923 19:36:42.678" level="FAIL">No keyword with name 'Open Browser' found.</msg>
<status status="FAIL" starttime="20200923 19:36:42.678" endtime="20200923 19:36:42.678"></status>
</kw>
<status status="FAIL" starttime="20200923 19:36:42.669" endtime="20200923 19:36:42.678"></status>
</kw>
<kw name="Encerrar Seção" library="base" type="teardown">
<kw name="Close Browser">
<msg timestamp="20200923 19:36:42.683" level="FAIL">No keyword with name 'Close Browser' found.</msg>
<status status="FAIL" starttime="20200923 19:36:42.683" endtime="20200923 19:36:42.683"></status>
</kw>
<status status="FAIL" starttime="20200923 19:36:42.679" endtime="20200923 19:36:42.683">No keyword with name 'Close Browser' found.</status>
</kw>
<status status="FAIL" starttime="20200923 19:36:42.668" endtime="20200923 19:36:42.704" critical="yes">Setup failed:
No keyword with name 'Open Browser' found.

Also teardown failed:
No keyword with name 'Close Browser' found.</status>
</test>
<test id="s1-t2" name="Marcando opção com CSS Selector">
<kw name="Nova Seção" library="base" type="setup">
<kw name="Open Browser">
<arguments>
<arg>${url}</arg>
<arg>chrome</arg>
</arguments>
<msg timestamp="20200923 19:36:42.779" level="FAIL">No keyword with name 'Open Browser' found.</msg>
<status status="FAIL" starttime="20200923 19:36:42.778" endtime="20200923 19:36:42.779"></status>
</kw>
<status status="FAIL" starttime="20200923 19:36:42.772" endtime="20200923 19:36:42.779"></status>
</kw>
<kw name="Encerrar Seção" library="base" type="teardown">
<kw name="Close Browser">
<msg timestamp="20200923 19:36:42.806" level="FAIL">No keyword with name 'Close Browser' found.</msg>
<status status="FAIL" starttime="20200923 19:36:42.806" endtime="20200923 19:36:42.806"></status>
</kw>
<status status="FAIL" starttime="20200923 19:36:42.803" endtime="20200923 19:36:42.811">No keyword with name 'Close Browser' found.</status>
</kw>
<status status="FAIL" starttime="20200923 19:36:42.771" endtime="20200923 19:36:42.839" critical="yes">Setup failed:
No keyword with name 'Open Browser' found.

Also teardown failed:
No keyword with name 'Close Browser' found.</status>
</test>
<test id="s1-t3" name="Marcando opção com Xpath">
<kw name="Nova Seção" library="base" type="setup">
<kw name="Open Browser">
<arguments>
<arg>${url}</arg>
<arg>chrome</arg>
</arguments>
<msg timestamp="20200923 19:36:42.851" level="FAIL">No keyword with name 'Open Browser' found.</msg>
<status status="FAIL" starttime="20200923 19:36:42.851" endtime="20200923 19:36:42.851"></status>
</kw>
<status status="FAIL" starttime="20200923 19:36:42.847" endtime="20200923 19:36:42.851"></status>
</kw>
<kw name="Encerrar Seção" library="base" type="teardown">
<kw name="Close Browser">
<msg timestamp="20200923 19:36:42.855" level="FAIL">No keyword with name 'Close Browser' found.</msg>
<status status="FAIL" starttime="20200923 19:36:42.855" endtime="20200923 19:36:42.855"></status>
</kw>
<status status="FAIL" starttime="20200923 19:36:42.852" endtime="20200923 19:36:42.855">No keyword with name 'Close Browser' found.</status>
</kw>
<status status="FAIL" starttime="20200923 19:36:42.846" endtime="20200923 19:36:42.856" critical="yes">Setup failed:
No keyword with name 'Open Browser' found.

Also teardown failed:
No keyword with name 'Close Browser' found.</status>
</test>
<status status="FAIL" starttime="20200923 19:36:42.481" endtime="20200923 19:36:42.889"></status>
</suite>
<statistics>
<total>
<stat pass="0" fail="3">Critical Tests</stat>
<stat pass="0" fail="3">All Tests</stat>
</total>
<tag>
</tag>
<suite>
<stat pass="0" fail="3" id="s1" name="Checkbox">Checkbox</stat>
</suite>
</statistics>
<errors>
<msg timestamp="20200923 19:36:42.595" level="ERROR">Error in file 'C:\Users\Usuario\Desktop\dandy\papito\Teste-Qa\web\tests\base.robot' on line 2: Importing test library 'SeleniumLibrary' failed: ModuleNotFoundError: No module named 'SeleniumLibrary'
Traceback (most recent call last):
  None
PYTHONPATH:
  C:\Users\Usuario\Desktop\dandy\papito\venv\Scripts\robot.exe
  c:\users\usuario\desktop\dandy\papito\venv\scripts\python38.zip
  c:\python38\DLLs
  c:\python38\lib
  c:\python38
  c:\users\usuario\desktop\dandy\papito\venv
  c:\users\usuario\desktop\dandy\papito\venv\lib\site-packages</msg>
</errors>
</robot>
